[debug] [2023-01-26T14:16:00.393Z] ----------------------------------------------------------------------
[debug] [2023-01-26T14:16:00.394Z] Command:       C:\Program Files\nodejs\node.exe C:\Users\gabcs\AppData\Roaming\npm\node_modules\firebase-tools\lib\bin\firebase.js login
[debug] [2023-01-26T14:16:00.395Z] CLI Version:   11.21.0
[debug] [2023-01-26T14:16:00.395Z] Platform:      win32
[debug] [2023-01-26T14:16:00.395Z] Node Version:  v18.13.0
[debug] [2023-01-26T14:16:00.396Z] Time:          Thu Jan 26 2023 11:16:00 GMT-0300 (Horário Padrão de Brasília)
[debug] [2023-01-26T14:16:00.396Z] ----------------------------------------------------------------------
[debug] 
[info] i  Firebase optionally collects CLI and Emulator Suite usage and error reporting information to help improve our products. Data is collected in accordance with Google's privacy policy (https://policies.google.com/privacy) and is not used to identify you.
 
[info] i  To change your data collection preference at any time, run `firebase logout` and log in again. 
[info] 
[info] Visit this URL on this device to log in:
[info] https://accounts.google.com/o/oauth2/auth?client_id=563584335869-fgrhgmd47bqnekij5i8b5pr03ho849e6.apps.googleusercontent.com&scope=email%20openid%20https%3A%2F%2Fwww.googleapis.com%2Fauth%2Fcloudplatformprojects.readonly%20https%3A%2F%2Fwww.googleapis.com%2Fauth%2Ffirebase%20https%3A%2F%2Fwww.googleapis.com%2Fauth%2Fcloud-platform&response_type=code&state=1042078656&redirect_uri=http%3A%2F%2Flocalhost%3A9005
[info] 
[info] Waiting for authentication...
[debug] [2023-01-26T14:16:05.938Z] Error: spawn cmd ENOENT
    at ChildProcess._handle.onexit (node:internal/child_process:283:19)
    at onErrorNT (node:internal/child_process:476:16)
    at process.processTicksAndRejections (node:internal/process/task_queues:82:21)
[error] 
[error] Error: An unexpected error has occurred.
[debug] [2023-01-26T14:21:28.096Z] ----------------------------------------------------------------------
[debug] [2023-01-26T14:21:28.098Z] Command:       C:\Program Files\nodejs\node.exe C:\Users\gabcs\AppData\Roaming\npm\node_modules\firebase-tools\lib\bin\firebase.js login
[debug] [2023-01-26T14:21:28.098Z] CLI Version:   11.21.0
[debug] [2023-01-26T14:21:28.099Z] Platform:      win32
[debug] [2023-01-26T14:21:28.099Z] Node Version:  v18.13.0
[debug] [2023-01-26T14:21:28.099Z] Time:          Thu Jan 26 2023 11:21:28 GMT-0300 (Horário Padrão de Brasília)
[debug] [2023-01-26T14:21:28.100Z] ----------------------------------------------------------------------
[debug] 
[info] i  Firebase optionally collects CLI and Emulator Suite usage and error reporting information to help improve our products. Data is collected in accordance with Google's privacy policy (https://policies.google.com/privacy) and is not used to identify you.
 
[info] i  To change your data collection preference at any time, run `firebase logout` and log in again. 
[info] 
[info] Visit this URL on this device to log in:
[info] https://accounts.google.com/o/oauth2/auth?client_id=563584335869-fgrhgmd47bqnekij5i8b5pr03ho849e6.apps.googleusercontent.com&scope=email%20openid%20https%3A%2F%2Fwww.googleapis.com%2Fauth%2Fcloudplatformprojects.readonly%20https%3A%2F%2Fwww.googleapis.com%2Fauth%2Ffirebase%20https%3A%2F%2Fwww.googleapis.com%2Fauth%2Fcloud-platform&response_type=code&state=242892284&redirect_uri=http%3A%2F%2Flocalhost%3A9005
[info] 
[info] Waiting for authentication...
[debug] [2023-01-26T14:21:30.135Z] Error: spawn cmd ENOENT
    at ChildProcess._handle.onexit (node:internal/child_process:283:19)
    at onErrorNT (node:internal/child_process:476:16)
    at process.processTicksAndRejections (node:internal/process/task_queues:82:21)
[error] 
[error] Error: An unexpected error has occurred.
[debug] [2023-01-26T14:22:28.610Z] ----------------------------------------------------------------------
[debug] [2023-01-26T14:22:28.612Z] Command:       C:\Program Files\nodejs\node.exe C:\Users\gabcs\AppData\Roaming\npm\node_modules\firebase-tools\lib\bin\firebase.js login
[debug] [2023-01-26T14:22:28.613Z] CLI Version:   11.21.0
[debug] [2023-01-26T14:22:28.613Z] Platform:      win32
[debug] [2023-01-26T14:22:28.613Z] Node Version:  v18.13.0
[debug] [2023-01-26T14:22:28.613Z] Time:          Thu Jan 26 2023 11:22:28 GMT-0300 (Horário Padrão de Brasília)
[debug] [2023-01-26T14:22:28.614Z] ----------------------------------------------------------------------
[debug] 
[info] i  Firebase optionally collects CLI and Emulator Suite usage and error reporting information to help improve our products. Data is collected in accordance with Google's privacy policy (https://policies.google.com/privacy) and is not used to identify you.
 
[info] i  To change your data collection preference at any time, run `firebase logout` and log in again. 
[info] 
[info] Visit this URL on this device to log in:
[info] https://accounts.google.com/o/oauth2/auth?client_id=563584335869-fgrhgmd47bqnekij5i8b5pr03ho849e6.apps.googleusercontent.com&scope=email%20openid%20https%3A%2F%2Fwww.googleapis.com%2Fauth%2Fcloudplatformprojects.readonly%20https%3A%2F%2Fwww.googleapis.com%2Fauth%2Ffirebase%20https%3A%2F%2Fwww.googleapis.com%2Fauth%2Fcloud-platform&response_type=code&state=477941734&redirect_uri=http%3A%2F%2Flocalhost%3A9005
[info] 
[info] Waiting for authentication...
[debug] [2023-01-26T14:22:30.526Z] Error: spawn cmd ENOENT
    at ChildProcess._handle.onexit (node:internal/child_process:283:19)
    at onErrorNT (node:internal/child_process:476:16)
    at process.processTicksAndRejections (node:internal/process/task_queues:82:21)
[error] 
[error] Error: An unexpected error has occurred.
[debug] [2023-01-26T14:26:52.374Z] ----------------------------------------------------------------------
[debug] [2023-01-26T14:26:52.376Z] Command:       C:\Program Files\nodejs\node.exe C:\Users\gabcs\AppData\Roaming\npm\node_modules\firebase-tools\lib\bin\firebase.js login
[debug] [2023-01-26T14:26:52.376Z] CLI Version:   11.21.0
[debug] [2023-01-26T14:26:52.376Z] Platform:      win32
[debug] [2023-01-26T14:26:52.376Z] Node Version:  v18.13.0
[debug] [2023-01-26T14:26:52.377Z] Time:          Thu Jan 26 2023 11:26:52 GMT-0300 (Horário Padrão de Brasília)
[debug] [2023-01-26T14:26:52.377Z] ----------------------------------------------------------------------
[debug] 
[info] i  Firebase optionally collects CLI and Emulator Suite usage and error reporting information to help improve our products. Data is collected in accordance with Google's privacy policy (https://policies.google.com/privacy) and is not used to identify you.
 
[info] i  To change your data collection preference at any time, run `firebase logout` and log in again. 
[info] 
[info] Visit this URL on this device to log in:
[info] https://accounts.google.com/o/oauth2/auth?client_id=563584335869-fgrhgmd47bqnekij5i8b5pr03ho849e6.apps.googleusercontent.com&scope=email%20openid%20https%3A%2F%2Fwww.googleapis.com%2Fauth%2Fcloudplatformprojects.readonly%20https%3A%2F%2Fwww.googleapis.com%2Fauth%2Ffirebase%20https%3A%2F%2Fwww.googleapis.com%2Fauth%2Fcloud-platform&response_type=code&state=977671451&redirect_uri=http%3A%2F%2Flocalhost%3A9005
[info] 
[info] Waiting for authentication...
[debug] [2023-01-26T14:27:00.039Z] Error: spawn cmd ENOENT
    at ChildProcess._handle.onexit (node:internal/child_process:283:19)
    at onErrorNT (node:internal/child_process:476:16)
    at process.processTicksAndRejections (node:internal/process/task_queues:82:21)
[error] 
[error] Error: An unexpected error has occurred.
